# JRE version: OpenJDK Runtime Environment Temurin-21.0.9+10 (21.0.9+10) (build 21.0.9+10-LTS)
# Java VM: OpenJDK 64-Bit Server VM Temurin-21.0.9+10 (21.0.9+10-LTS, mixed mode, sharing, tiered, compressed oops, compressed class ptrs, parallel gc, windows-amd64)
GC Precious Log:
 CardTable entry size: 512
 CPUs: 8 total, 8 available
 Memory: 12069M
 Large Page Support: Disabled
 NUMA Support: Disabled
 Compressed Oops: Enabled (32-bit)
 Alignments: Space 512K, Generation 512K, Heap 2M
 Heap Min Capacity: 100M
 Heap Initial Capacity: 100M
 Heap Max Capacity: 2G
 Pre-touch: Disabled
 Parallel Workers: 8
Heap:
 PSYoungGen      total 11776K, used 6681K [0x00000000d5580000, 0x00000000d6700000, 0x0000000100000000)
  eden space 7680K, 38% used [0x00000000d5580000,0x00000000d586b050,0x00000000d5d00000)
  from space 4096K, 90% used [0x00000000d5e00000,0x00000000d619b510,0x00000000d6200000)
  to   space 5120K, 0% used [0x00000000d6200000,0x00000000d6200000,0x00000000d6700000)
 ParOldGen       total 771584K, used 771414K [0x0000000080000000, 0x00000000af180000, 0x00000000d5580000)
  object space 771584K, 99% used [0x0000000080000000,0x00000000af155b40,0x00000000af180000)
 Metaspace       used 71452K, committed 73024K, reserved 1114112K
  class space    used 7347K, committed 8064K, reserved 1048576K
GC Heap History (20 events):
Event: 7786.741 GC heap before
{Heap before GC invocations=703 (full 3):
 PSYoungGen      total 4096K, used 4096K [0x00000000d5580000, 0x00000000d6380000, 0x0000000100000000)
  eden space 2560K, 100% used [0x00000000d5580000,0x00000000d5800000,0x00000000d5800000)
  from space 1536K, 100% used [0x00000000d6100000,0x00000000d6280000,0x00000000d6280000)
  to   space 1024K, 0% used [0x00000000d6280000,0x00000000d6280000,0x00000000d6380000)
 ParOldGen       total 742400K, used 742037K [0x0000000080000000, 0x00000000ad500000, 0x00000000d5580000)
  object space 742400K, 99% used [0x0000000080000000,0x00000000ad4a5678,0x00000000ad500000)
 Metaspace       used 71385K, committed 73024K, reserved 1114112K
  class space    used 7347K, committed 8064K, reserved 1048576K
}
Event: 7786.747 GC heap after
{Heap after GC invocations=703 (full 3):
 PSYoungGen      total 3584K, used 1024K [0x00000000d5580000, 0x00000000d6380000, 0x0000000100000000)
  eden space 2560K, 0% used [0x00000000d5580000,0x00000000d5580000,0x00000000d5800000)
  from space 1024K, 100% used [0x00000000d6280000,0x00000000d6380000,0x00000000d6380000)
  to   space 4608K, 0% used [0x00000000d5a80000,0x00000000d5a80000,0x00000000d5f00000)
 ParOldGen       total 744960K, used 744837K [0x0000000080000000, 0x00000000ad780000, 0x00000000d5580000)
  object space 744960K, 99% used [0x0000000080000000,0x00000000ad761678,0x00000000ad780000)
 Metaspace       used 71385K, committed 73024K, reserved 1114112K
  class space    used 7347K, committed 8064K, reserved 1048576K
}
Event: 7786.766 GC heap before
{Heap before GC invocations=704 (full 3):
 PSYoungGen      total 3584K, used 3583K [0x00000000d5580000, 0x00000000d6380000, 0x0000000100000000)
  eden space 2560K, 99% used [0x00000000d5580000,0x00000000d57ffff8,0x00000000d5800000)
  from space 1024K, 100% used [0x00000000d6280000,0x00000000d6380000,0x00000000d6380000)
  to   space 4608K, 0% used [0x00000000d5a80000,0x00000000d5a80000,0x00000000d5f00000)
 ParOldGen       total 744960K, used 744837K [0x0000000080000000, 0x00000000ad780000, 0x00000000d5580000)
  object space 744960K, 99% used [0x0000000080000000,0x00000000ad761678,0x00000000ad780000)
 Metaspace       used 71385K, committed 73024K, reserved 1114112K
  class space    used 7347K, committed 8064K, reserved 1048576K
}
Event: 7786.774 GC heap after
{Heap after GC invocations=704 (full 3):
 PSYoungGen      total 7680K, used 2160K [0x00000000d5580000, 0x00000000d6300000, 0x0000000100000000)
  eden space 3072K, 0% used [0x00000000d5580000,0x00000000d5580000,0x00000000d5880000)
  from space 4608K, 46% used [0x00000000d5a80000,0x00000000d5c9c010,0x00000000d5f00000)
  to   space 3072K, 0% used [0x00000000d6000000,0x00000000d6000000,0x00000000d6300000)
 ParOldGen       total 745984K, used 745901K [0x0000000080000000, 0x00000000ad880000, 0x00000000d5580000)
  object space 745984K, 99% used [0x0000000080000000,0x00000000ad86b678,0x00000000ad880000)
 Metaspace       used 71385K, committed 73024K, reserved 1114112K
  class space    used 7347K, committed 8064K, reserved 1048576K
}
Event: 7786.793 GC heap before
{Heap before GC invocations=705 (full 3):
 PSYoungGen      total 7680K, used 5232K [0x00000000d5580000, 0x00000000d6300000, 0x0000000100000000)
  eden space 3072K, 100% used [0x00000000d5580000,0x00000000d5880000,0x00000000d5880000)
  from space 4608K, 46% used [0x00000000d5a80000,0x00000000d5c9c010,0x00000000d5f00000)
  to   space 3072K, 0% used [0x00000000d6000000,0x00000000d6000000,0x00000000d6300000)
 ParOldGen       total 745984K, used 745901K [0x0000000080000000, 0x00000000ad880000, 0x00000000d5580000)
  object space 745984K, 99% used [0x0000000080000000,0x00000000ad86b678,0x00000000ad880000)
 Metaspace       used 71388K, committed 73024K, reserved 1114112K
  class space    used 7347K, committed 8064K, reserved 1048576K
}
Event: 7786.802 GC heap after
{Heap after GC invocations=705 (full 3):
 PSYoungGen      total 7168K, used 2883K [0x00000000d5580000, 0x00000000d6300000, 0x0000000100000000)
  eden space 4096K, 0% used [0x00000000d5580000,0x00000000d5580000,0x00000000d5980000)
  from space 3072K, 93% used [0x00000000d6000000,0x00000000d62d0d40,0x00000000d6300000)
  to   space 3072K, 0% used [0x00000000d5d00000,0x00000000d5d00000,0x00000000d6000000)
 ParOldGen       total 748032K, used 747861K [0x0000000080000000, 0x00000000ada80000, 0x00000000d5580000)
  object space 748032K, 99% used [0x0000000080000000,0x00000000ada55688,0x00000000ada80000)
 Metaspace       used 71388K, committed 73024K, reserved 1114112K
  class space    used 7347K, committed 8064K, reserved 1048576K
}
Event: 7786.819 GC heap before
{Heap before GC invocations=706 (full 3):
 PSYoungGen      total 7168K, used 6979K [0x00000000d5580000, 0x00000000d6300000, 0x0000000100000000)
  eden space 4096K, 100% used [0x00000000d5580000,0x00000000d5980000,0x00000000d5980000)
  from space 3072K, 93% used [0x00000000d6000000,0x00000000d62d0d40,0x00000000d6300000)
  to   space 3072K, 0% used [0x00000000d5d00000,0x00000000d5d00000,0x00000000d6000000)
 ParOldGen       total 748032K, used 747861K [0x0000000080000000, 0x00000000ada80000, 0x00000000d5580000)
  object space 748032K, 99% used [0x0000000080000000,0x00000000ada55688,0x00000000ada80000)
 Metaspace       used 71388K, committed 73024K, reserved 1114112K
  class space    used 7347K, committed 8064K, reserved 1048576K
}
Event: 7786.830 GC heap after
{Heap after GC invocations=706 (full 3):
 PSYoungGen      total 8192K, used 3070K [0x00000000d5580000, 0x00000000d6980000, 0x0000000100000000)
  eden space 5120K, 0% used [0x00000000d5580000,0x00000000d5580000,0x00000000d5a80000)
  from space 3072K, 99% used [0x00000000d5d00000,0x00000000d5fff878,0x00000000d6000000)
  to   space 7680K, 0% used [0x00000000d6200000,0x00000000d6200000,0x00000000d6980000)
 ParOldGen       total 751616K, used 751320K [0x0000000080000000, 0x00000000ade00000, 0x00000000d5580000)
  object space 751616K, 99% used [0x0000000080000000,0x00000000addb6150,0x00000000ade00000)
 Metaspace       used 71388K, committed 73024K, reserved 1114112K
  class space    used 7347K, committed 8064K, reserved 1048576K
}
Event: 7786.848 GC heap before
{Heap before GC invocations=707 (full 3):
 PSYoungGen      total 8192K, used 8188K [0x00000000d5580000, 0x00000000d6980000, 0x0000000100000000)
  eden space 5120K, 99% used [0x00000000d5580000,0x00000000d5a7f938,0x00000000d5a80000)
  from space 3072K, 99% used [0x00000000d5d00000,0x00000000d5fff878,0x00000000d6000000)
  to   space 7680K, 0% used [0x00000000d6200000,0x00000000d6200000,0x00000000d6980000)
 ParOldGen       total 751616K, used 751320K [0x0000000080000000, 0x00000000ade00000, 0x00000000d5580000)
  object space 751616K, 99% used [0x0000000080000000,0x00000000addb6150,0x00000000ade00000)
 Metaspace       used 71388K, committed 73024K, reserved 1114112K
  class space    used 7347K, committed 8064K, reserved 1048576K
}
Event: 7786.856 GC heap after
{Heap after GC invocations=707 (full 3):
 PSYoungGen      total 11776K, used 5176K [0x00000000d5580000, 0x00000000d6780000, 0x0000000100000000)
  eden space 6144K, 0% used [0x00000000d5580000,0x00000000d5580000,0x00000000d5b80000)
  from space 5632K, 91% used [0x00000000d6200000,0x00000000d670e360,0x00000000d6780000)
  to   space 6144K, 0% used [0x00000000d5b80000,0x00000000d5b80000,0x00000000d6180000)
 ParOldGen       total 754176K, used 754141K [0x0000000080000000, 0x00000000ae080000, 0x00000000d5580000)
  object space 754176K, 99% used [0x0000000080000000,0x00000000ae077658,0x00000000ae080000)
 Metaspace       used 71388K, committed 73024K, reserved 1114112K
  class space    used 7347K, committed 8064K, reserved 1048576K
}
Event: 7786.950 GC heap before
{Heap before GC invocations=708 (full 3):
 PSYoungGen      total 11776K, used 11320K [0x00000000d5580000, 0x00000000d6780000, 0x0000000100000000)
  eden space 6144K, 99% used [0x00000000d5580000,0x00000000d5b7ffe8,0x00000000d5b80000)
  from space 5632K, 91% used [0x00000000d6200000,0x00000000d670e360,0x00000000d6780000)
  to   space 6144K, 0% used [0x00000000d5b80000,0x00000000d5b80000,0x00000000d6180000)
 ParOldGen       total 754176K, used 754141K [0x0000000080000000, 0x00000000ae080000, 0x00000000d5580000)
  object space 754176K, 99% used [0x0000000080000000,0x00000000ae077658,0x00000000ae080000)
 Metaspace       used 71398K, committed 73024K, reserved 1114112K
  class space    used 7347K, committed 8064K, reserved 1048576K
}
Event: 7786.959 GC heap after
{Heap after GC invocations=708 (full 3):
 PSYoungGen      total 12288K, used 4064K [0x00000000d5580000, 0x00000000d6600000, 0x0000000100000000)
  eden space 6144K, 0% used [0x00000000d5580000,0x00000000d5580000,0x00000000d5b80000)
  from space 6144K, 66% used [0x00000000d5b80000,0x00000000d5f78020,0x00000000d6180000)
  to   space 4608K, 0% used [0x00000000d6180000,0x00000000d6180000,0x00000000d6600000)
 ParOldGen       total 755200K, used 754925K [0x0000000080000000, 0x00000000ae180000, 0x00000000d5580000)
  object space 755200K, 99% used [0x0000000080000000,0x00000000ae13b658,0x00000000ae180000)
 Metaspace       used 71398K, committed 73024K, reserved 1114112K
  class space    used 7347K, committed 8064K, reserved 1048576K
}
Event: 7787.231 GC heap before
{Heap before GC invocations=709 (full 3):
 PSYoungGen      total 12288K, used 10208K [0x00000000d5580000, 0x00000000d6600000, 0x0000000100000000)
  eden space 6144K, 100% used [0x00000000d5580000,0x00000000d5b80000,0x00000000d5b80000)
  from space 6144K, 66% used [0x00000000d5b80000,0x00000000d5f78020,0x00000000d6180000)
  to   space 4608K, 0% used [0x00000000d6180000,0x00000000d6180000,0x00000000d6600000)
 ParOldGen       total 755200K, used 754925K [0x0000000080000000, 0x00000000ae180000, 0x00000000d5580000)
  object space 755200K, 99% used [0x0000000080000000,0x00000000ae13b658,0x00000000ae180000)
 Metaspace       used 71408K, committed 73024K, reserved 1114112K
  class space    used 7347K, committed 8064K, reserved 1048576K
}
Event: 7787.241 GC heap after
{Heap after GC invocations=709 (full 3):
 PSYoungGen      total 10240K, used 3899K [0x00000000d5580000, 0x00000000d6580000, 0x0000000100000000)
  eden space 6144K, 0% used [0x00000000d5580000,0x00000000d5580000,0x00000000d5b80000)
  from space 4096K, 95% used [0x00000000d6180000,0x00000000d654eef0,0x00000000d6580000)
  to   space 4096K, 0% used [0x00000000d5d80000,0x00000000d5d80000,0x00000000d6180000)
 ParOldGen       total 759296K, used 758853K [0x0000000080000000, 0x00000000ae580000, 0x00000000d5580000)
  object space 759296K, 99% used [0x0000000080000000,0x00000000ae511678,0x00000000ae580000)
 Metaspace       used 71408K, committed 73024K, reserved 1114112K
  class space    used 7347K, committed 8064K, reserved 1048576K
}
Event: 7787.274 GC heap before
{Heap before GC invocations=710 (full 3):
 PSYoungGen      total 10240K, used 10031K [0x00000000d5580000, 0x00000000d6580000, 0x0000000100000000)
  eden space 6144K, 99% used [0x00000000d5580000,0x00000000d5b7cd18,0x00000000d5b80000)
  from space 4096K, 95% used [0x00000000d6180000,0x00000000d654eef0,0x00000000d6580000)
  to   space 4096K, 0% used [0x00000000d5d80000,0x00000000d5d80000,0x00000000d6180000)
 ParOldGen       total 759296K, used 758853K [0x0000000080000000, 0x00000000ae580000, 0x00000000d5580000)
  object space 759296K, 99% used [0x0000000080000000,0x00000000ae511678,0x00000000ae580000)
 Metaspace       used 71408K, committed 73024K, reserved 1114112K
  class space    used 7347K, committed 8064K, reserved 1048576K
}
Event: 7787.283 GC heap after
{Heap after GC invocations=710 (full 3):
 PSYoungGen      total 10240K, used 4080K [0x00000000d5580000, 0x00000000d7180000, 0x0000000100000000)
  eden space 6144K, 0% used [0x00000000d5580000,0x00000000d5580000,0x00000000d5b80000)
  from space 4096K, 99% used [0x00000000d5d80000,0x00000000d617c278,0x00000000d6180000)
  to   space 11264K, 0% used [0x00000000d6680000,0x00000000d6680000,0x00000000d7180000)
 ParOldGen       total 764928K, used 764612K [0x0000000080000000, 0x00000000aeb00000, 0x00000000d5580000)
  object space 764928K, 99% used [0x0000000080000000,0x00000000aeab1020,0x00000000aeb00000)
 Metaspace       used 71408K, committed 73024K, reserved 1114112K
  class space    used 7347K, committed 8064K, reserved 1048576K
}
Event: 7787.319 GC heap before
{Heap before GC invocations=711 (full 3):
 PSYoungGen      total 10240K, used 10224K [0x00000000d5580000, 0x00000000d7180000, 0x0000000100000000)
  eden space 6144K, 100% used [0x00000000d5580000,0x00000000d5b80000,0x00000000d5b80000)
  from space 4096K, 99% used [0x00000000d5d80000,0x00000000d617c278,0x00000000d6180000)
  to   space 11264K, 0% used [0x00000000d6680000,0x00000000d6680000,0x00000000d7180000)
 ParOldGen       total 764928K, used 764612K [0x0000000080000000, 0x00000000aeb00000, 0x00000000d5580000)
  object space 764928K, 99% used [0x0000000080000000,0x00000000aeab1020,0x00000000aeb00000)
 Metaspace       used 71414K, committed 73024K, reserved 1114112K
  class space    used 7347K, committed 8064K, reserved 1048576K
}
Event: 7787.331 GC heap after
{Heap after GC invocations=711 (full 3):
 PSYoungGen      total 13312K, used 5530K [0x00000000d5580000, 0x00000000d6c00000, 0x0000000100000000)
  eden space 7680K, 0% used [0x00000000d5580000,0x00000000d5580000,0x00000000d5d00000)
  from space 5632K, 98% used [0x00000000d6680000,0x00000000d6be6988,0x00000000d6c00000)
  to   space 7168K, 0% used [0x00000000d5e00000,0x00000000d5e00000,0x00000000d6500000)
 ParOldGen       total 769024K, used 768670K [0x0000000080000000, 0x00000000aef00000, 0x00000000d5580000)
  object space 769024K, 99% used [0x0000000080000000,0x00000000aeea7b40,0x00000000aef00000)
 Metaspace       used 71414K, committed 73024K, reserved 1114112K
  class space    used 7347K, committed 8064K, reserved 1048576K
}
Event: 7793.249 GC heap before
{Heap before GC invocations=712 (full 3):
 PSYoungGen      total 13312K, used 13210K [0x00000000d5580000, 0x00000000d6c00000, 0x0000000100000000)
  eden space 7680K, 100% used [0x00000000d5580000,0x00000000d5d00000,0x00000000d5d00000)
  from space 5632K, 98% used [0x00000000d6680000,0x00000000d6be6988,0x00000000d6c00000)
  to   space 7168K, 0% used [0x00000000d5e00000,0x00000000d5e00000,0x00000000d6500000)
 ParOldGen       total 769024K, used 768670K [0x0000000080000000, 0x00000000aef00000, 0x00000000d5580000)
  object space 769024K, 99% used [0x0000000080000000,0x00000000aeea7b40,0x00000000aef00000)
 Metaspace       used 71441K, committed 73024K, reserved 1114112K
  class space    used 7347K, committed 8064K, reserved 1048576K
}
Event: 7793.260 GC heap after
{Heap after GC invocations=712 (full 3):
 PSYoungGen      total 11776K, used 3693K [0x00000000d5580000, 0x00000000d6700000, 0x0000000100000000)
  eden space 7680K, 0% used [0x00000000d5580000,0x00000000d5580000,0x00000000d5d00000)
  from space 4096K, 90% used [0x00000000d5e00000,0x00000000d619b510,0x00000000d6200000)
  to   space 5120K, 0% used [0x00000000d6200000,0x00000000d6200000,0x00000000d6700000)
 ParOldGen       total 771584K, used 771414K [0x0000000080000000, 0x00000000af180000, 0x00000000d5580000)
  object space 771584K, 99% used [0x0000000080000000,0x00000000af155b40,0x00000000af180000)
 Metaspace       used 71441K, committed 73024K, reserved 1114112K
  class space    used 7347K, committed 8064K, reserved 1048576K
}

