# JRE version: OpenJDK Runtime Environment Temurin-21.0.9+10 (21.0.9+10) (build 21.0.9+10-LTS)
# Java VM: OpenJDK 64-Bit Server VM Temurin-21.0.9+10 (21.0.9+10-LTS, mixed mode, sharing, tiered, compressed oops, compressed class ptrs, parallel gc, windows-amd64)
GC Precious Log:
 CardTable entry size: 512
 CPUs: 8 total, 8 available
 Memory: 12069M
 Large Page Support: Disabled
 NUMA Support: Disabled
 Compressed Oops: Enabled (32-bit)
 Alignments: Space 512K, Generation 512K, Heap 2M
 Heap Min Capacity: 100M
 Heap Initial Capacity: 100M
 Heap Max Capacity: 2G
 Pre-touch: Disabled
 Parallel Workers: 8
Heap:
 PSYoungGen      total 6656K, used 4278K [0x00000000d5580000, 0x00000000d6280000, 0x0000000100000000)
  eden space 6144K, 65% used [0x00000000d5580000,0x00000000d5975ab8,0x00000000d5b80000)
  from space 512K, 43% used [0x00000000d6200000,0x00000000d6238000,0x00000000d6280000)
  to   space 1024K, 0% used [0x00000000d6080000,0x00000000d6080000,0x00000000d6180000)
 ParOldGen       total 942592K, used 942223K [0x0000000080000000, 0x00000000b9880000, 0x00000000d5580000)
  object space 942592K, 99% used [0x0000000080000000,0x00000000b9823f38,0x00000000b9880000)
 Metaspace       used 91583K, committed 93312K, reserved 1179648K
  class space    used 9044K, committed 9792K, reserved 1048576K
GC Heap History (20 events):
Event: 14349.168 GC heap before
{Heap before GC invocations=4156 (full 6):
 PSYoungGen      total 6144K, used 5930K [0x00000000d5580000, 0x00000000d5f80000, 0x0000000100000000)
  eden space 5120K, 100% used [0x00000000d5580000,0x00000000d5a80000,0x00000000d5a80000)
  from space 1024K, 79% used [0x00000000d5e80000,0x00000000d5f4a910,0x00000000d5f80000)
  to   space 1024K, 0% used [0x00000000d5d80000,0x00000000d5d80000,0x00000000d5e80000)
 ParOldGen       total 915968K, used 915672K [0x0000000080000000, 0x00000000b7e80000, 0x00000000d5580000)
  object space 915968K, 99% used [0x0000000080000000,0x00000000b7e361b0,0x00000000b7e80000)
 Metaspace       used 91569K, committed 93312K, reserved 1179648K
  class space    used 9043K, committed 9792K, reserved 1048576K
}
Event: 14349.170 GC heap after
{Heap after GC invocations=4156 (full 6):
 PSYoungGen      total 5632K, used 448K [0x00000000d5580000, 0x00000000d5f00000, 0x0000000100000000)
  eden space 5120K, 0% used [0x00000000d5580000,0x00000000d5580000,0x00000000d5a80000)
  from space 512K, 87% used [0x00000000d5d80000,0x00000000d5df0020,0x00000000d5e00000)
  to   space 1024K, 0% used [0x00000000d5e00000,0x00000000d5e00000,0x00000000d5f00000)
 ParOldGen       total 916480K, used 916372K [0x0000000080000000, 0x00000000b7f00000, 0x00000000d5580000)
  object space 916480K, 99% used [0x0000000080000000,0x00000000b7ee53c0,0x00000000b7f00000)
 Metaspace       used 91569K, committed 93312K, reserved 1179648K
  class space    used 9043K, committed 9792K, reserved 1048576K
}
Event: 14349.829 GC heap before
{Heap before GC invocations=4157 (full 6):
 PSYoungGen      total 5632K, used 5568K [0x00000000d5580000, 0x00000000d5f00000, 0x0000000100000000)
  eden space 5120K, 100% used [0x00000000d5580000,0x00000000d5a80000,0x00000000d5a80000)
  from space 512K, 87% used [0x00000000d5d80000,0x00000000d5df0020,0x00000000d5e00000)
  to   space 1024K, 0% used [0x00000000d5e00000,0x00000000d5e00000,0x00000000d5f00000)
 ParOldGen       total 916480K, used 916372K [0x0000000080000000, 0x00000000b7f00000, 0x00000000d5580000)
  object space 916480K, 99% used [0x0000000080000000,0x00000000b7ee53c0,0x00000000b7f00000)
 Metaspace       used 91570K, committed 93312K, reserved 1179648K
  class space    used 9043K, committed 9792K, reserved 1048576K
}
Event: 14349.832 GC heap after
{Heap after GC invocations=4157 (full 6):
 PSYoungGen      total 5632K, used 192K [0x00000000d5580000, 0x00000000d5e80000, 0x0000000100000000)
  eden space 5120K, 0% used [0x00000000d5580000,0x00000000d5580000,0x00000000d5a80000)
  from space 512K, 37% used [0x00000000d5e00000,0x00000000d5e30000,0x00000000d5e80000)
  to   space 512K, 0% used [0x00000000d5d80000,0x00000000d5d80000,0x00000000d5e00000)
 ParOldGen       total 916992K, used 916540K [0x0000000080000000, 0x00000000b7f80000, 0x00000000d5580000)
  object space 916992K, 99% used [0x0000000080000000,0x00000000b7f0f3e0,0x00000000b7f80000)
 Metaspace       used 91570K, committed 93312K, reserved 1179648K
  class space    used 9043K, committed 9792K, reserved 1048576K
}
Event: 14349.853 GC heap before
{Heap before GC invocations=4158 (full 6):
 PSYoungGen      total 5632K, used 5312K [0x00000000d5580000, 0x00000000d5e80000, 0x0000000100000000)
  eden space 5120K, 100% used [0x00000000d5580000,0x00000000d5a80000,0x00000000d5a80000)
  from space 512K, 37% used [0x00000000d5e00000,0x00000000d5e30000,0x00000000d5e80000)
  to   space 512K, 0% used [0x00000000d5d80000,0x00000000d5d80000,0x00000000d5e00000)
 ParOldGen       total 916992K, used 916540K [0x0000000080000000, 0x00000000b7f80000, 0x00000000d5580000)
  object space 916992K, 99% used [0x0000000080000000,0x00000000b7f0f3e0,0x00000000b7f80000)
 Metaspace       used 91570K, committed 93312K, reserved 1179648K
  class space    used 9043K, committed 9792K, reserved 1048576K
}
Event: 14349.858 GC heap after
{Heap after GC invocations=4158 (full 6):
 PSYoungGen      total 5632K, used 512K [0x00000000d5580000, 0x00000000d6580000, 0x0000000100000000)
  eden space 5120K, 0% used [0x00000000d5580000,0x00000000d5580000,0x00000000d5a80000)
  from space 512K, 100% used [0x00000000d5d80000,0x00000000d5e00000,0x00000000d5e00000)
  to   space 5632K, 0% used [0x00000000d6000000,0x00000000d6000000,0x00000000d6580000)
 ParOldGen       total 921088K, used 920813K [0x0000000080000000, 0x00000000b8380000, 0x00000000d5580000)
  object space 921088K, 99% used [0x0000000080000000,0x00000000b833b7a0,0x00000000b8380000)
 Metaspace       used 91570K, committed 93312K, reserved 1179648K
  class space    used 9043K, committed 9792K, reserved 1048576K
}
Event: 14349.872 GC heap before
{Heap before GC invocations=4159 (full 6):
 PSYoungGen      total 5632K, used 5632K [0x00000000d5580000, 0x00000000d6580000, 0x0000000100000000)
  eden space 5120K, 100% used [0x00000000d5580000,0x00000000d5a80000,0x00000000d5a80000)
  from space 512K, 100% used [0x00000000d5d80000,0x00000000d5e00000,0x00000000d5e00000)
  to   space 5632K, 0% used [0x00000000d6000000,0x00000000d6000000,0x00000000d6580000)
 ParOldGen       total 921088K, used 920813K [0x0000000080000000, 0x00000000b8380000, 0x00000000d5580000)
  object space 921088K, 99% used [0x0000000080000000,0x00000000b833b7a0,0x00000000b8380000)
 Metaspace       used 91570K, committed 93312K, reserved 1179648K
  class space    used 9043K, committed 9792K, reserved 1048576K
}
Event: 14349.879 GC heap after
{Heap after GC invocations=4159 (full 6):
 PSYoungGen      total 10752K, used 5216K [0x00000000d5580000, 0x00000000d6580000, 0x0000000100000000)
  eden space 5120K, 0% used [0x00000000d5580000,0x00000000d5580000,0x00000000d5a80000)
  from space 5632K, 92% used [0x00000000d6000000,0x00000000d6518000,0x00000000d6580000)
  to   space 5632K, 0% used [0x00000000d5a80000,0x00000000d5a80000,0x00000000d6000000)
 ParOldGen       total 921600K, used 921357K [0x0000000080000000, 0x00000000b8400000, 0x00000000d5580000)
  object space 921600K, 99% used [0x0000000080000000,0x00000000b83c37b0,0x00000000b8400000)
 Metaspace       used 91570K, committed 93312K, reserved 1179648K
  class space    used 9043K, committed 9792K, reserved 1048576K
}
Event: 14349.904 GC heap before
{Heap before GC invocations=4160 (full 6):
 PSYoungGen      total 10752K, used 10336K [0x00000000d5580000, 0x00000000d6580000, 0x0000000100000000)
  eden space 5120K, 100% used [0x00000000d5580000,0x00000000d5a80000,0x00000000d5a80000)
  from space 5632K, 92% used [0x00000000d6000000,0x00000000d6518000,0x00000000d6580000)
  to   space 5632K, 0% used [0x00000000d5a80000,0x00000000d5a80000,0x00000000d6000000)
 ParOldGen       total 921600K, used 921357K [0x0000000080000000, 0x00000000b8400000, 0x00000000d5580000)
  object space 921600K, 99% used [0x0000000080000000,0x00000000b83c37b0,0x00000000b8400000)
 Metaspace       used 91570K, committed 93312K, reserved 1179648K
  class space    used 9043K, committed 9792K, reserved 1048576K
}
Event: 14349.911 GC heap after
{Heap after GC invocations=4160 (full 6):
 PSYoungGen      total 9216K, used 3776K [0x00000000d5580000, 0x00000000d6380000, 0x0000000100000000)
  eden space 5120K, 0% used [0x00000000d5580000,0x00000000d5580000,0x00000000d5a80000)
  from space 4096K, 92% used [0x00000000d5a80000,0x00000000d5e30000,0x00000000d5e80000)
  to   space 4608K, 0% used [0x00000000d5f00000,0x00000000d5f00000,0x00000000d6380000)
 ParOldGen       total 926720K, used 926485K [0x0000000080000000, 0x00000000b8900000, 0x00000000d5580000)
  object space 926720K, 99% used [0x0000000080000000,0x00000000b88c57b0,0x00000000b8900000)
 Metaspace       used 91570K, committed 93312K, reserved 1179648K
  class space    used 9043K, committed 9792K, reserved 1048576K
}
Event: 14349.952 GC heap before
{Heap before GC invocations=4161 (full 6):
 PSYoungGen      total 9216K, used 8896K [0x00000000d5580000, 0x00000000d6380000, 0x0000000100000000)
  eden space 5120K, 100% used [0x00000000d5580000,0x00000000d5a80000,0x00000000d5a80000)
  from space 4096K, 92% used [0x00000000d5a80000,0x00000000d5e30000,0x00000000d5e80000)
  to   space 4608K, 0% used [0x00000000d5f00000,0x00000000d5f00000,0x00000000d6380000)
 ParOldGen       total 926720K, used 926485K [0x0000000080000000, 0x00000000b8900000, 0x00000000d5580000)
  object space 926720K, 99% used [0x0000000080000000,0x00000000b88c57b0,0x00000000b8900000)
 Metaspace       used 91570K, committed 93312K, reserved 1179648K
  class space    used 9043K, committed 9792K, reserved 1048576K
}
Event: 14349.959 GC heap after
{Heap after GC invocations=4161 (full 6):
 PSYoungGen      total 9216K, used 4010K [0x00000000d5580000, 0x00000000d6300000, 0x0000000100000000)
  eden space 5120K, 0% used [0x00000000d5580000,0x00000000d5580000,0x00000000d5a80000)
  from space 4096K, 97% used [0x00000000d5f00000,0x00000000d62ea980,0x00000000d6300000)
  to   space 4096K, 0% used [0x00000000d5a80000,0x00000000d5a80000,0x00000000d5e80000)
 ParOldGen       total 929280K, used 929237K [0x0000000080000000, 0x00000000b8b80000, 0x00000000d5580000)
  object space 929280K, 99% used [0x0000000080000000,0x00000000b8b757b0,0x00000000b8b80000)
 Metaspace       used 91570K, committed 93312K, reserved 1179648K
  class space    used 9043K, committed 9792K, reserved 1048576K
}
Event: 14349.969 GC heap before
{Heap before GC invocations=4162 (full 6):
 PSYoungGen      total 9216K, used 9130K [0x00000000d5580000, 0x00000000d6300000, 0x0000000100000000)
  eden space 5120K, 100% used [0x00000000d5580000,0x00000000d5a80000,0x00000000d5a80000)
  from space 4096K, 97% used [0x00000000d5f00000,0x00000000d62ea980,0x00000000d6300000)
  to   space 4096K, 0% used [0x00000000d5a80000,0x00000000d5a80000,0x00000000d5e80000)
 ParOldGen       total 929280K, used 929237K [0x0000000080000000, 0x00000000b8b80000, 0x00000000d5580000)
  object space 929280K, 99% used [0x0000000080000000,0x00000000b8b757b0,0x00000000b8b80000)
 Metaspace       used 91570K, committed 93312K, reserved 1179648K
  class space    used 9043K, committed 9792K, reserved 1048576K
}
Event: 14349.974 GC heap after
{Heap after GC invocations=4162 (full 6):
 PSYoungGen      total 9216K, used 4071K [0x00000000d5580000, 0x00000000d6e80000, 0x0000000100000000)
  eden space 5120K, 0% used [0x00000000d5580000,0x00000000d5580000,0x00000000d5a80000)
  from space 4096K, 99% used [0x00000000d5a80000,0x00000000d5e79c28,0x00000000d5e80000)
  to   space 10240K, 0% used [0x00000000d6480000,0x00000000d6480000,0x00000000d6e80000)
 ParOldGen       total 934400K, used 934159K [0x0000000080000000, 0x00000000b9080000, 0x00000000d5580000)
  object space 934400K, 99% used [0x0000000080000000,0x00000000b9043c10,0x00000000b9080000)
 Metaspace       used 91570K, committed 93312K, reserved 1179648K
  class space    used 9043K, committed 9792K, reserved 1048576K
}
Event: 14349.986 GC heap before
{Heap before GC invocations=4163 (full 6):
 PSYoungGen      total 9216K, used 9095K [0x00000000d5580000, 0x00000000d6e80000, 0x0000000100000000)
  eden space 5120K, 98% used [0x00000000d5580000,0x00000000d5a682d8,0x00000000d5a80000)
  from space 4096K, 99% used [0x00000000d5a80000,0x00000000d5e79c28,0x00000000d5e80000)
  to   space 10240K, 0% used [0x00000000d6480000,0x00000000d6480000,0x00000000d6e80000)
 ParOldGen       total 934400K, used 934159K [0x0000000080000000, 0x00000000b9080000, 0x00000000d5580000)
  object space 934400K, 99% used [0x0000000080000000,0x00000000b9043c10,0x00000000b9080000)
 Metaspace       used 91570K, committed 93312K, reserved 1179648K
  class space    used 9043K, committed 9792K, reserved 1048576K
}
Event: 14349.992 GC heap after
{Heap after GC invocations=4163 (full 6):
 PSYoungGen      total 10752K, used 4180K [0x00000000d5580000, 0x00000000d6900000, 0x0000000100000000)
  eden space 6144K, 0% used [0x00000000d5580000,0x00000000d5580000,0x00000000d5b80000)
  from space 4608K, 90% used [0x00000000d6480000,0x00000000d68952e8,0x00000000d6900000)
  to   space 6144K, 0% used [0x00000000d5d00000,0x00000000d5d00000,0x00000000d6300000)
 ParOldGen       total 938496K, used 938279K [0x0000000080000000, 0x00000000b9480000, 0x00000000d5580000)
  object space 938496K, 99% used [0x0000000080000000,0x00000000b9449ef8,0x00000000b9480000)
 Metaspace       used 91570K, committed 93312K, reserved 1179648K
  class space    used 9043K, committed 9792K, reserved 1048576K
}
Event: 14350.545 GC heap before
{Heap before GC invocations=4164 (full 6):
 PSYoungGen      total 10752K, used 10324K [0x00000000d5580000, 0x00000000d6900000, 0x0000000100000000)
  eden space 6144K, 100% used [0x00000000d5580000,0x00000000d5b80000,0x00000000d5b80000)
  from space 4608K, 90% used [0x00000000d6480000,0x00000000d68952e8,0x00000000d6900000)
  to   space 6144K, 0% used [0x00000000d5d00000,0x00000000d5d00000,0x00000000d6300000)
 ParOldGen       total 938496K, used 938279K [0x0000000080000000, 0x00000000b9480000, 0x00000000d5580000)
  object space 938496K, 99% used [0x0000000080000000,0x00000000b9449ef8,0x00000000b9480000)
 Metaspace       used 91575K, committed 93312K, reserved 1179648K
  class space    used 9043K, committed 9792K, reserved 1048576K
}
Event: 14350.551 GC heap after
{Heap after GC invocations=4164 (full 6):
 PSYoungGen      total 8192K, used 1552K [0x00000000d5580000, 0x00000000d6500000, 0x0000000100000000)
  eden space 6144K, 0% used [0x00000000d5580000,0x00000000d5580000,0x00000000d5b80000)
  from space 2048K, 75% used [0x00000000d5d00000,0x00000000d5e84020,0x00000000d5f00000)
  to   space 3072K, 0% used [0x00000000d6200000,0x00000000d6200000,0x00000000d6500000)
 ParOldGen       total 941568K, used 941119K [0x0000000080000000, 0x00000000b9780000, 0x00000000d5580000)
  object space 941568K, 99% used [0x0000000080000000,0x00000000b970ff18,0x00000000b9780000)
 Metaspace       used 91575K, committed 93312K, reserved 1179648K
  class space    used 9043K, committed 9792K, reserved 1048576K
}
Event: 14350.834 GC heap before
{Heap before GC invocations=4165 (full 6):
 PSYoungGen      total 8192K, used 7696K [0x00000000d5580000, 0x00000000d6500000, 0x0000000100000000)
  eden space 6144K, 100% used [0x00000000d5580000,0x00000000d5b80000,0x00000000d5b80000)
  from space 2048K, 75% used [0x00000000d5d00000,0x00000000d5e84020,0x00000000d5f00000)
  to   space 3072K, 0% used [0x00000000d6200000,0x00000000d6200000,0x00000000d6500000)
 ParOldGen       total 941568K, used 941119K [0x0000000080000000, 0x00000000b9780000, 0x00000000d5580000)
  object space 941568K, 99% used [0x0000000080000000,0x00000000b970ff18,0x00000000b9780000)
 Metaspace       used 91575K, committed 93312K, reserved 1179648K
  class space    used 9043K, committed 9792K, reserved 1048576K
}
Event: 14350.838 GC heap after
{Heap after GC invocations=4165 (full 6):
 PSYoungGen      total 6656K, used 224K [0x00000000d5580000, 0x00000000d6280000, 0x0000000100000000)
  eden space 6144K, 0% used [0x00000000d5580000,0x00000000d5580000,0x00000000d5b80000)
  from space 512K, 43% used [0x00000000d6200000,0x00000000d6238000,0x00000000d6280000)
  to   space 1024K, 0% used [0x00000000d6080000,0x00000000d6080000,0x00000000d6180000)
 ParOldGen       total 942592K, used 942223K [0x0000000080000000, 0x00000000b9880000, 0x00000000d5580000)
  object space 942592K, 99% used [0x0000000080000000,0x00000000b9823f38,0x00000000b9880000)
 Metaspace       used 91575K, committed 93312K, reserved 1179648K
  class space    used 9043K, committed 9792K, reserved 1048576K
}

